<?xml version="1.0" encoding="UTF-8"?>
<!-- Generated by org.testng.reporters.JUnitXMLReporter -->
<testsuite ignored="0" hostname="EC2AMAZ-8KL45D2" failures="0" tests="3" name="Default test" time="3.67" errors="0" timestamp="2024-10-07T08:56:39 UTC">
  <testcase classname="pk_MyNotes.Create_Notes" name="CreateNotes_Using_BaseClass" time="0.264"/>
  <testcase classname="pk_MyNotes.Create_Notes" name="UpdateNotes" time="0.208"/>
  <testcase classname="pk_MyNotes.Create_Notes" name="DeleteNote" time="0.199"/>
</testsuite> <!-- Default test -->
