<?xml version="1.0" encoding="UTF-8"?>
<testng-results ignored="0" total="3" passed="3" failed="0" skipped="0">
  <reporter-output>
  </reporter-output>
  <suite started-at="2024-10-07T08:56:35 UTC" name="Default suite" finished-at="2024-10-07T08:56:39 UTC" duration-ms="3670">
    <groups>
    </groups>
    <test started-at="2024-10-07T08:56:35 UTC" name="Default test" finished-at="2024-10-07T08:56:39 UTC" duration-ms="3670">
      <class name="pk_MyNotes.Create_Notes">
        <test-method is-config="true" signature="login()[pri:0, instance:pk_MyNotes.Create_Notes@5fe94a96]" started-at="2024-10-07T08:56:35 UTC" name="login" finished-at="2024-10-07T08:56:38 UTC" duration-ms="2956" status="PASS">
          <reporter-output>
          </reporter-output>
        </test-method> <!-- login -->
        <test-method signature="CreateNotes_Using_BaseClass()[pri:0, instance:pk_MyNotes.Create_Notes@5fe94a96]" started-at="2024-10-07T08:56:38 UTC" name="CreateNotes_Using_BaseClass" finished-at="2024-10-07T08:56:38 UTC" duration-ms="264" status="PASS">
          <reporter-output>
          </reporter-output>
        </test-method> <!-- CreateNotes_Using_BaseClass -->
        <test-method signature="UpdateNotes()[pri:1, instance:pk_MyNotes.Create_Notes@5fe94a96]" started-at="2024-10-07T08:56:38 UTC" name="UpdateNotes" finished-at="2024-10-07T08:56:38 UTC" duration-ms="208" status="PASS">
          <reporter-output>
          </reporter-output>
        </test-method> <!-- UpdateNotes -->
        <test-method signature="DeleteNote()[pri:2, instance:pk_MyNotes.Create_Notes@5fe94a96]" started-at="2024-10-07T08:56:38 UTC" name="DeleteNote" finished-at="2024-10-07T08:56:39 UTC" duration-ms="199" status="PASS">
          <reporter-output>
          </reporter-output>
        </test-method> <!-- DeleteNote -->
      </class> <!-- pk_MyNotes.Create_Notes -->
    </test> <!-- Default test -->
  </suite> <!-- Default suite -->
</testng-results>
